  glad.c
  main.cpp
E:\LJF\sourcecode\Project\Project\main.cpp(484,23): warning C4244: “=”: 从“double”转换到“T”，可能丢失数据
          with
          [
              T=float
          ]
E:\LJF\sourcecode\Project\Project\main.cpp(485,23): warning C4244: “=”: 从“double”转换到“T”，可能丢失数据
          with
          [
              T=float
          ]
E:\LJF\sourcecode\Project\Project\main.cpp(486,23): warning C4244: “=”: 从“double”转换到“T”，可能丢失数据
          with
          [
              T=float
          ]
E:\LJF\sourcecode\Project\Project\main.cpp(596,53): warning C4305: “参数”: 从“double”到“float”截断
E:\LJF\sourcecode\Project\Project\main.cpp(597,35): warning C4244: “参数”: 从“double”转换到“float”，可能丢失数据
E:\LJF\sourcecode\Project\Project\main.cpp(599,58): warning C4267: “参数”: 从“size_t”转换到“GLsizei”，可能丢失数据
E:\LJF\sourcecode\Project\Project\main.cpp(614,35): warning C4244: “参数”: 从“double”转换到“float”，可能丢失数据
E:\LJF\sourcecode\Project\Project\main.cpp(629,53): warning C4305: “参数”: 从“double”到“float”截断
E:\LJF\sourcecode\Project\Project\main.cpp(630,34): warning C4244: “参数”: 从“double”转换到“float”，可能丢失数据
E:\LJF\sourcecode\Project\Project\main.cpp(632,54): warning C4267: “参数”: 从“size_t”转换到“GLsizei”，可能丢失数据
E:\LJF\sourcecode\Project\Project\main.cpp(646,35): warning C4244: “参数”: 从“double”转换到“float”，可能丢失数据
  stb_image.cpp
  正在生成代码
  Previous IPDB not found, fall back to full compilation.
  All 678 functions were compiled because no usable IPDB/IOBJ from previous compilation was found.
  已完成代码的生成
  Project.vcxproj -> E:\LJF\sourcecode\Project\x64\Release\Project.exe
